<?xml version="1.0" encoding="UTF-8"?>
<!-- Generated by org.testng.reporters.JUnitReportReporter -->
<testsuite hostname="Simi-26" failures="0" tests="1" name="TestCases.AddCustTC" time="9.481" errors="0" timestamp="27 Oct 2021 11:59:13 GMT" skipped="0">
  <testcase classname="TestCases.AddCustTC" name="addNewCust" time="9.481"/>
</testsuite> <!-- TestCases.AddCustTC -->
