<?xml version="1.0" encoding="UTF-8"?>
<!-- Generated by org.testng.reporters.JUnitReportReporter -->
<testsuite hostname="Simi-26" failures="0" tests="1" name="TestCases.LoginTC" time="1.241" errors="0" timestamp="14 Oct 2021 09:49:23 GMT" skipped="0">
  <testcase classname="TestCases.LoginTC" name="loginTest" time="1.241"/>
</testsuite> <!-- TestCases.LoginTC -->
