<?xml version="1.0" encoding="UTF-8"?>
<!-- Generated by org.testng.reporters.JUnitReportReporter -->
<testsuite hostname="Simi-26" failures="0" tests="1" name="TestCases.EditCustTC" time="6.002" errors="0" timestamp="27 Oct 2021 15:50:15 GMT" skipped="0">
  <testcase classname="TestCases.EditCustTC" name="editCust" time="6.002"/>
</testsuite> <!-- TestCases.EditCustTC -->
