<?xml version="1.0" encoding="UTF-8"?>
<!-- Generated by org.testng.reporters.JUnitReportReporter -->
<testsuite hostname="Simi-26" failures="0" tests="1" name="TestCases.LoginTC" time="1.401" errors="0" timestamp="16 Oct 2021 11:25:21 GMT" skipped="0">
  <testcase classname="TestCases.LoginTC" name="loginTest" time="1.401"/>
</testsuite> <!-- TestCases.LoginTC -->
