<?xml version="1.0" encoding="UTF-8"?>
<!-- Generated by org.testng.reporters.JUnitReportReporter -->
<testsuite hostname="Simi-26" failures="0" tests="1" name="TestCases.DelCustTC" time="8.473" errors="0" timestamp="27 Oct 2021 15:12:57 GMT" skipped="0">
  <testcase classname="TestCases.DelCustTC" name="delCust" time="8.473"/>
</testsuite> <!-- TestCases.DelCustTC -->
